#
# A fatal error has been detected by the Java Runtime Environment:
#
#  EXCEPTION_ACCESS_VIOLATION (0xc0000005) at pc=0x00007ffca3ea1a86, pid=9064, tid=1016
#
# JRE version: OpenJDK Runtime Environment (11.0.12+7) (build 11.0.12+7-b1504.28-7817840)
# Java VM: OpenJDK 64-Bit Server VM (11.0.12+7-b1504.28-7817840, mixed mode, tiered, compressed oops, g1 gc, windows-amd64)
# Problematic frame:
# V  [jvm.dll+0x191a86]
#
# No core dump will be written. Minidumps are not enabled by default on client versions of Windows
#
# If you would like to submit a bug report, please visit:
#   https://bugreport.java.com/bugreport/crash.jsp
#

---------------  S U M M A R Y ------------

Command Line: --add-opens=java.base/java.util=ALL-UNNAMED --add-opens=java.base/java.lang=ALL-UNNAMED --add-opens=java.base/java.lang.invoke=ALL-UNNAMED --add-opens=java.base/java.util=ALL-UNNAMED --add-opens=java.prefs/java.util.prefs=ALL-UNNAMED --add-opens=java.prefs/java.util.prefs=ALL-UNNAMED --add-opens=java.base/java.nio.charset=ALL-UNNAMED --add-opens=java.base/java.net=ALL-UNNAMED --add-opens=java.base/java.util.concurrent.atomic=ALL-UNNAMED -Xmx2048m -Dfile.encoding=UTF-8 -Duser.country=US -Duser.language=en -Duser.variant org.gradle.launcher.daemon.bootstrap.GradleDaemon 7.3.3

Host: Intel(R) Core(TM)2 Duo CPU     P8700  @ 2.53GHz, 2 cores, 3G,  Windows 10 , 64 bit Build 19041 (10.0.19041.1806)
Time: Tue Sep  6 18:10:04 2022 W. Central Africa Standard Time elapsed time: 379.411493 seconds (0d 0h 6m 19s)

---------------  T H R E A D  ---------------

Current thread (0x0000022b74c77000):  GCTaskThread "GC Thread#1" [stack: 0x0000002c65300000,0x0000002c65400000] [id=1016]

Stack: [0x0000002c65300000,0x0000002c65400000],  sp=0x0000002c653ff778,  free space=1021k
Native frames: (J=compiled Java code, j=interpreted, Vv=VM code, C=native code)
V  [jvm.dll+0x191a86]


siginfo: EXCEPTION_ACCESS_VIOLATION (0xc0000005), reading address 0x0000000180075750


Register to memory mapping:

RIP=0x00007ffca3ea1a86 jvm.dll
RAX=0x0000000000000001 is an unknown value
RBX=0x000000008522ccd4 is pointing into object: java.util.HashMap$Node 
{0x000000008522ccc0} - klass: 'java/util/HashMap$Node'
RCX=
[error occurred during error reporting (printing register info), id 0xc0000005, EXCEPTION_ACCESS_VIOLATION (0xc0000005) at pc=0x00007ffca3ea1a86]

Registers:
RAX=0x0000000000000001, RBX=0x000000008522ccd4, RCX=0x00000000877c1b00, RDX=0x00000000877c1b00
RSP=0x0000002c653ff778, RBP=0x0000000000000015, RSI=0x0000022b79476bc0, RDI=0x0000022b79476bc0
R8 =0x00000000877c1b00, R9 =0x0000000180075748, R10=0x00000000877c1b00, R11=0x000000008522ccf8
R12=0x0000000000000000, R13=0x0000000000000000, R14=0x0000022b58963f30, R15=0x00000000877c1b00
RIP=0x00007ffca3ea1a86, EFLAGS=0x0000000000010206

Top of Stack: (sp=0x0000002c653ff778)
0x0000002c653ff778:   00007ffca401725c 0000000000000002
0x0000002c653ff788:   0000022b79476bc0 0000022b79476bc0
0x0000002c653ff798:   0000000000000002 0000000085222468
0x0000002c653ff7a8:   00007ffca40175d8 0000000700000002
0x0000002c653ff7b8:   0000000000000011 0000000000000000
0x0000002c653ff7c8:   0000022b79476bc0 0000000000000000
0x0000002c653ff7d8:   0000022b58963f30 0000000000000000
0x0000002c653ff7e8:   0000022b79476bc0 0000002c648fedb0
0x0000002c653ff7f8:   00007ffca3fe9052 0000000000000000
0x0000002c653ff808:   0000022b58963f01 0000000000000000
0x0000002c653ff818:   000000008522ccd4 0000022b58963eb0
0x0000002c653ff828:   00007ffca40157ab 0000000000001793
0x0000002c653ff838:   00007ffca3f4aff4 0000000000000000
0x0000002c653ff848:   000000008522245c 0000111000001775
0x0000002c653ff858:   00007ffca3febf14 0000111c00001778
0x0000002c653ff868:   0000000085151ff1 0000022b58963eb0 

Instructions: (pc=0x00007ffca3ea1a86)
0x00007ffca3ea1986:   48 89 5c 24 20 e8 f0 00 00 00 80 7f 30 00 48 63
0x00007ffca3ea1996:   c8 48 89 4c 24 28 0f 28 44 24 20 74 17 0f 11 86
0x00007ffca3ea19a6:   98 03 00 00 48 8b 5c 24 40 48 8b 74 24 48 48 83
0x00007ffca3ea19b6:   c4 30 5f c3 48 8b 07 48 8d 54 24 20 48 8b cf 66
0x00007ffca3ea19c6:   0f 7f 44 24 20 ff 50 38 48 8b 5c 24 40 48 8b 74
0x00007ffca3ea19d6:   24 48 48 83 c4 30 5f c3 cc cc 40 53 48 83 ec 30
0x00007ffca3ea19e6:   0f 10 82 98 03 00 00 48 8b da 0f 10 c8 66 0f 73
0x00007ffca3ea19f6:   d9 08 66 48 0f 7e c8 48 85 c0 74 28 48 8b 01 48
0x00007ffca3ea1a06:   8d 54 24 20 0f 29 44 24 20 ff 50 40 33 c0 48 89
0x00007ffca3ea1a16:   44 24 20 48 89 44 24 28 0f 10 44 24 20 0f 11 83
0x00007ffca3ea1a26:   98 03 00 00 48 83 c4 30 5b c3 48 8b 49 38 48 8b
0x00007ffca3ea1a36:   01 48 ff 60 28 cc cc cc cc cc 80 3d 91 a6 87 00
0x00007ffca3ea1a46:   00 48 8b c1 74 1b 8b 51 08 8b 0d 83 13 83 00 48
0x00007ffca3ea1a56:   d3 e2 48 8b c8 48 03 15 6e 13 83 00 e9 19 00 00
0x00007ffca3ea1a66:   00 48 8b 51 08 48 8b c8 e9 0d 00 00 00 cc cc cc
0x00007ffca3ea1a76:   cc cc cc cc cc cc cc cc cc cc 4c 8b ca 48 8b d1
0x00007ffca3ea1a86:   45 8b 41 08 45 85 c0 7e 0e 41 f6 c0 01 75 59 41
0x00007ffca3ea1a96:   c1 f8 03 41 8b c0 c3 79 4f 80 3d 32 a6 87 00 00
0x00007ffca3ea1aa6:   b8 0c 00 00 00 b9 10 00 00 00 0f 45 c8 8b 05 ab
0x00007ffca3ea1ab6:   5c 81 00 ff c8 4c 63 c8 48 63 c1 41 8b c8 83 e1
0x00007ffca3ea1ac6:   3f 48 63 14 10 41 8b c0 48 c1 f8 10 0f b6 c0 48
0x00007ffca3ea1ad6:   d3 e2 49 8d 0c 11 49 f7 d1 48 03 c1 49 c1 e9 03
0x00007ffca3ea1ae6:   48 c1 e8 03 41 23 c1 c3 49 8b 01 49 8b c9 48 ff
0x00007ffca3ea1af6:   a0 10 01 00 00 cc cc cc cc cc 48 83 ec 38 0f 10
0x00007ffca3ea1b06:   02 48 8b 49 38 48 8d 54 24 20 0f 29 44 24 20 e8
0x00007ffca3ea1b16:   66 f0 ff ff 48 83 c4 38 c3 cc 48 89 5c 24 08 55
0x00007ffca3ea1b26:   56 57 41 54 41 55 41 56 41 57 48 8d 6c 24 e0 48
0x00007ffca3ea1b36:   81 ec 20 01 00 00 48 8b 05 7d 99 84 00 48 33 c4
0x00007ffca3ea1b46:   48 89 45 10 48 8b 05 ff 0f 87 00 45 33 ed 4c 8b
0x00007ffca3ea1b56:   b5 80 00 00 00 4c 8b fa 48 8b bd 88 00 00 00 4d
0x00007ffca3ea1b66:   8b c6 49 8b d6 49 8b f1 48 8b 48 38 48 8b 59 48
0x00007ffca3ea1b76:   49 8b cf c7 45 c0 ff ff ff ff 44 89 6d d4 4c 89 


Stack slot to memory mapping:
stack at sp + 0 slots: 0x00007ffca401725c jvm.dll
stack at sp + 1 slots: 0x0000000000000002 is an unknown value
stack at sp + 2 slots: 0x0000022b79476bc0 points into unknown readable memory: 0x00007ffca45444e8 | e8 44 54 a4 fc 7f 00 00
stack at sp + 3 slots: 0x0000022b79476bc0 points into unknown readable memory: 0x00007ffca45444e8 | e8 44 54 a4 fc 7f 00 00
stack at sp + 4 slots: 0x0000000000000002 is an unknown value
stack at sp + 5 slots: 0x0000000085222468 is an oop: [B 
{0x0000000085222468} - klass: {type array byte}
 - length: 44
stack at sp + 6 slots: 0x00007ffca40175d8 jvm.dll
stack at sp + 7 slots: 0x0000000700000002 is an unknown value


---------------  P R O C E S S  ---------------

Threads class SMR info:
_java_thread_list=0x0000022b7751c020, length=56, elements={
0x0000022b58a4d000, 0x0000022b74374000, 0x0000022b74375800, 0x0000022b743cd800,
0x0000022b743d0000, 0x0000022b743d3000, 0x0000022b743d7000, 0x0000022b743db800,
0x0000022b743e7000, 0x0000022b74d3f800, 0x0000022b75ee5800, 0x0000022b7613e000,
0x0000022b754ae800, 0x0000022b754af800, 0x0000022b75d72800, 0x0000022b767a0800,
0x0000022b763cf000, 0x0000022b763cf800, 0x0000022b76ed8800, 0x0000022b76edb000,
0x0000022b76ede000, 0x0000022b76edc800, 0x0000022b76edf000, 0x0000022b76edb800,
0x0000022b76ed9000, 0x0000022b76edd000, 0x0000022b76eda000, 0x0000022b75dbb800,
0x0000022b75dbc800, 0x0000022b75dbd000, 0x0000022b75dbe000, 0x0000022b75dba800,
0x0000022b75dbf000, 0x0000022b75db9000, 0x0000022b75dc5800, 0x0000022b75dc3000,
0x0000022b75dc1000, 0x0000022b75dc6000, 0x0000022b75dc4800, 0x0000022b75dc3800,
0x0000022b75dc2000, 0x0000022b75dc0800, 0x0000022b75dc7000, 0x0000022b77957000,
0x0000022b7795d000, 0x0000022b7795d800, 0x0000022b77959800, 0x0000022b7795b000,
0x0000022b77958000, 0x0000022b77959000, 0x0000022b7795e800, 0x0000022b77960000,
0x0000022b7795f800, 0x0000022b7795c000, 0x0000022b7795a800, 0x0000022b77966000
}

Java Threads: ( => current thread )
  0x0000022b58a4d000 JavaThread "main" [_thread_blocked, id=5400, stack(0x0000002c64200000,0x0000002c64300000)]
  0x0000022b74374000 JavaThread "Reference Handler" daemon [_thread_blocked, id=900, stack(0x0000002c64900000,0x0000002c64a00000)]
  0x0000022b74375800 JavaThread "Finalizer" daemon [_thread_blocked, id=2968, stack(0x0000002c64a00000,0x0000002c64b00000)]
  0x0000022b743cd800 JavaThread "Signal Dispatcher" daemon [_thread_blocked, id=2984, stack(0x0000002c64b00000,0x0000002c64c00000)]
  0x0000022b743d0000 JavaThread "Attach Listener" daemon [_thread_blocked, id=3908, stack(0x0000002c64c00000,0x0000002c64d00000)]
  0x0000022b743d3000 JavaThread "Service Thread" daemon [_thread_blocked, id=2452, stack(0x0000002c64d00000,0x0000002c64e00000)]
  0x0000022b743d7000 JavaThread "C2 CompilerThread0" daemon [_thread_blocked, id=7232, stack(0x0000002c64e00000,0x0000002c64f00000)]
  0x0000022b743db800 JavaThread "C1 CompilerThread0" daemon [_thread_blocked, id=6736, stack(0x0000002c64f00000,0x0000002c65000000)]
  0x0000022b743e7000 JavaThread "Sweeper thread" daemon [_thread_blocked, id=5940, stack(0x0000002c65000000,0x0000002c65100000)]
  0x0000022b74d3f800 JavaThread "Common-Cleaner" daemon [_thread_blocked, id=1892, stack(0x0000002c65100000,0x0000002c65200000)]
  0x0000022b75ee5800 JavaThread "Daemon health stats" [_thread_blocked, id=9368, stack(0x0000002c64000000,0x0000002c64100000)]
  0x0000022b7613e000 JavaThread "Incoming local TCP Connector on port 63814" [_thread_in_native, id=7692, stack(0x0000002c65500000,0x0000002c65600000)]
  0x0000022b754ae800 JavaThread "Daemon periodic checks" [_thread_blocked, id=8724, stack(0x0000002c65600000,0x0000002c65700000)]
  0x0000022b754af800 JavaThread "Daemon" [_thread_blocked, id=9948, stack(0x0000002c65700000,0x0000002c65800000)]
  0x0000022b75d72800 JavaThread "Handler for socket connection from /127.0.0.1:63814 to /127.0.0.1:63815" [_thread_in_native, id=8840, stack(0x0000002c65800000,0x0000002c65900000)]
  0x0000022b767a0800 JavaThread "Cancel handler" [_thread_blocked, id=9728, stack(0x0000002c65900000,0x0000002c65a00000)]
  0x0000022b763cf000 JavaThread "Daemon worker" [_thread_blocked, id=1968, stack(0x0000002c65a00000,0x0000002c65b00000)]
  0x0000022b763cf800 JavaThread "Asynchronous log dispatcher for DefaultDaemonConnection: socket connection from /127.0.0.1:63814 to /127.0.0.1:63815" [_thread_blocked, id=3184, stack(0x0000002c65b00000,0x0000002c65c00000)]
  0x0000022b76ed8800 JavaThread "Daemon client event forwarder" [_thread_blocked, id=2660, stack(0x0000002c65d00000,0x0000002c65e00000)]
  0x0000022b76edb000 JavaThread "Cache worker for journal cache (C:\Users\USER\.gradle\caches\journal-1)" [_thread_blocked, id=9768, stack(0x0000002c65e00000,0x0000002c65f00000)]
  0x0000022b76ede000 JavaThread "File lock request listener" [_thread_in_native, id=9180, stack(0x0000002c65f00000,0x0000002c66000000)]
  0x0000022b76edc800 JavaThread "Cache worker for file hash cache (C:\Users\USER\.gradle\caches\7.3.3\fileHashes)" [_thread_blocked, id=9588, stack(0x0000002c66000000,0x0000002c66100000)]
  0x0000022b76edf000 JavaThread "Cache worker for file hash cache (C:\Users\USER\AndroidStudioProjects\VoiceNotes-main\.gradle\7.3.3\fileHashes)" [_thread_blocked, id=8428, stack(0x0000002c66100000,0x0000002c66200000)]
  0x0000022b76edb800 JavaThread "File watcher server" daemon [_thread_in_native, id=3940, stack(0x0000002c66400000,0x0000002c66500000)]
  0x0000022b76ed9000 JavaThread "File watcher consumer" daemon [_thread_blocked, id=6504, stack(0x0000002c66500000,0x0000002c66600000)]
  0x0000022b76edd000 JavaThread "jar transforms" [_thread_blocked, id=536, stack(0x0000002c66600000,0x0000002c66700000)]
  0x0000022b76eda000 JavaThread "jar transforms Thread 2" [_thread_blocked, id=4984, stack(0x0000002c66700000,0x0000002c66800000)]
  0x0000022b75dbb800 JavaThread "Cache worker for checksums cache (C:\Users\USER\AndroidStudioProjects\VoiceNotes-main\.gradle\7.3.3\checksums)" [_thread_blocked, id=6544, stack(0x0000002c64100000,0x0000002c64200000)]
  0x0000022b75dbc800 JavaThread "Cache worker for cache directory md-supplier (C:\Users\USER\.gradle\caches\7.3.3\md-supplier)" [_thread_blocked, id=6832, stack(0x0000002c65400000,0x0000002c65500000)]
  0x0000022b75dbd000 JavaThread "Cache worker for cache directory md-rule (C:\Users\USER\.gradle\caches\7.3.3\md-rule)" [_thread_blocked, id=8408, stack(0x0000002c65c00000,0x0000002c65d00000)]
  0x0000022b75dbe000 JavaThread "Cache worker for execution history cache (C:\Users\USER\.gradle\caches\7.3.3\executionHistory)" [_thread_blocked, id=6992, stack(0x0000002c66800000,0x0000002c66900000)]
  0x0000022b75dba800 JavaThread "Cache worker for file content cache (C:\Users\USER\.gradle\caches\7.3.3\fileContent)" [_thread_blocked, id=5380, stack(0x0000002c66900000,0x0000002c66a00000)]
  0x0000022b75dbf000 JavaThread "Cache worker for dependencies-accessors (C:\Users\USER\AndroidStudioProjects\VoiceNotes-main\.gradle\7.3.3\dependencies-accessors)" [_thread_blocked, id=1592, stack(0x0000002c66200000,0x0000002c66300000)]
  0x0000022b75db9000 JavaThread "Cache worker for Build Output Cleanup Cache (C:\Users\USER\AndroidStudioProjects\VoiceNotes-main\.gradle\buildOutputCleanup)" [_thread_blocked, id=7032, stack(0x0000002c66a00000,0x0000002c66b00000)]
  0x0000022b75dc5800 JavaThread "Unconstrained build operations" [_thread_blocked, id=9356, stack(0x0000002c66c00000,0x0000002c66d00000)]
  0x0000022b75dc3000 JavaThread "Unconstrained build operations Thread 2" [_thread_blocked, id=112, stack(0x0000002c66d00000,0x0000002c66e00000)]
  0x0000022b75dc1000 JavaThread "Unconstrained build operations Thread 3" [_thread_blocked, id=7144, stack(0x0000002c66e00000,0x0000002c66f00000)]
  0x0000022b75dc6000 JavaThread "Unconstrained build operations Thread 4" [_thread_blocked, id=752, stack(0x0000002c66f00000,0x0000002c67000000)]
  0x0000022b75dc4800 JavaThread "Unconstrained build operations Thread 5" [_thread_blocked, id=3108, stack(0x0000002c67000000,0x0000002c67100000)]
  0x0000022b75dc3800 JavaThread "Unconstrained build operations Thread 6" [_thread_blocked, id=4788, stack(0x0000002c67100000,0x0000002c67200000)]
  0x0000022b75dc2000 JavaThread "Unconstrained build operations Thread 7" [_thread_blocked, id=4176, stack(0x0000002c67200000,0x0000002c67300000)]
  0x0000022b75dc0800 JavaThread "Unconstrained build operations Thread 8" [_thread_blocked, id=9024, stack(0x0000002c67300000,0x0000002c67400000)]
  0x0000022b75dc7000 JavaThread "Unconstrained build operations Thread 9" [_thread_blocked, id=3644, stack(0x0000002c67400000,0x0000002c67500000)]
  0x0000022b77957000 JavaThread "Unconstrained build operations Thread 10" [_thread_blocked, id=4456, stack(0x0000002c67500000,0x0000002c67600000)]
  0x0000022b7795d000 JavaThread "Unconstrained build operations Thread 11" [_thread_blocked, id=5748, stack(0x0000002c67600000,0x0000002c67700000)]
  0x0000022b7795d800 JavaThread "Unconstrained build operations Thread 12" [_thread_blocked, id=9632, stack(0x0000002c67700000,0x0000002c67800000)]
  0x0000022b77959800 JavaThread "Unconstrained build operations Thread 13" [_thread_blocked, id=6184, stack(0x0000002c67800000,0x0000002c67900000)]
  0x0000022b7795b000 JavaThread "Unconstrained build operations Thread 14" [_thread_blocked, id=9804, stack(0x0000002c67900000,0x0000002c67a00000)]
  0x0000022b77958000 JavaThread "Unconstrained build operations Thread 15" [_thread_blocked, id=7420, stack(0x0000002c67a00000,0x0000002c67b00000)]
  0x0000022b77959000 JavaThread "Unconstrained build operations Thread 16" [_thread_blocked, id=3396, stack(0x0000002c67b00000,0x0000002c67c00000)]
  0x0000022b7795e800 JavaThread "Unconstrained build operations Thread 17" [_thread_blocked, id=6236, stack(0x0000002c67c00000,0x0000002c67d00000)]
  0x0000022b77960000 JavaThread "Unconstrained build operations Thread 18" [_thread_blocked, id=1600, stack(0x0000002c67d00000,0x0000002c67e00000)]
  0x0000022b7795f800 JavaThread "Unconstrained build operations Thread 19" [_thread_blocked, id=9036, stack(0x0000002c67e00000,0x0000002c67f00000)]
  0x0000022b7795c000 JavaThread "Unconstrained build operations Thread 20" [_thread_blocked, id=7808, stack(0x0000002c67f00000,0x0000002c68000000)]
  0x0000022b7795a800 JavaThread "Memory manager" [_thread_blocked, id=5848, stack(0x0000002c66b00000,0x0000002c66c00000)]
  0x0000022b77966000 JavaThread "build event listener" [_thread_blocked, id=4724, stack(0x0000002c68000000,0x0000002c68100000)]

Other Threads:
  0x0000022b7436f800 VMThread "VM Thread" [stack: 0x0000002c64800000,0x0000002c64900000] [id=7992]
  0x0000022b74d64800 WatcherThread [stack: 0x0000002c65200000,0x0000002c65300000] [id=8072]
  0x0000022b5ab03000 GCTaskThread "GC Thread#0" [stack: 0x0000002c64300000,0x0000002c64400000] [id=8732]
=>0x0000022b74c77000 GCTaskThread "GC Thread#1" [stack: 0x0000002c65300000,0x0000002c65400000] [id=1016]
  0x0000022b5ab35800 ConcurrentGCThread "G1 Main Marker" [stack: 0x0000002c64400000,0x0000002c64500000] [id=8780]
  0x0000022b5ab38000 ConcurrentGCThread "G1 Conc#0" [stack: 0x0000002c64500000,0x0000002c64600000] [id=1956]
  0x0000022b5ab87800 ConcurrentGCThread "G1 Refine#0" [stack: 0x0000002c64600000,0x0000002c64700000] [id=452]
  0x0000022b5ab88800 ConcurrentGCThread "G1 Young RemSet Sampling" [stack: 0x0000002c64700000,0x0000002c64800000] [id=8644]

Threads with active compile tasks:
C2 CompilerThread0 379562 8405       4       com.sun.beans.TypeResolver::resolve (37 bytes)

VM state:at safepoint (normal execution)

VM Mutex/Monitor currently owned by a thread:  ([mutex/lock_event])
[0x0000022b5aaeda40] Threads_lock - owner thread: 0x0000022b7436f800
[0x0000022b5aaed6e0] Heap_lock - owner thread: 0x0000022b763cf000

Heap address: 0x0000000080000000, size: 2048 MB, Compressed Oops mode: 32-bit
Narrow klass base: 0x0000000000000000, Narrow klass shift: 3
Compressed class space size: 1073741824 Address: 0x0000000100000000

Heap:
 garbage-first heap   total 187392K, used 140403K [0x0000000080000000, 0x0000000100000000)
  region size 1024K, 57 young (58368K), 6 survivors (6144K)
 Metaspace       used 76882K, capacity 79072K, committed 79232K, reserved 1118208K
  class space    used 9788K, capacity 10516K, committed 10624K, reserved 1048576K
Heap Regions: E=young(eden), S=young(survivor), O=old, HS=humongous(starts), HC=humongous(continues), CS=collection set, F=free, A=archive, TAMS=top-at-mark-start (previous, next)
|   0|0x0000000080000000, 0x0000000080100000, 0x0000000080100000|100%| O|  |TAMS 0x0000000080100000, 0x0000000080000000| Untracked 
|   1|0x0000000080100000, 0x0000000080200000, 0x0000000080200000|100%| O|  |TAMS 0x0000000080200000, 0x0000000080100000| Untracked 
|   2|0x0000000080200000, 0x0000000080300000, 0x0000000080300000|100%| O|  |TAMS 0x0000000080300000, 0x0000000080200000| Untracked 
|   3|0x0000000080300000, 0x0000000080400000, 0x0000000080400000|100%| O|  |TAMS 0x0000000080400000, 0x0000000080300000| Untracked 
|   4|0x0000000080400000, 0x0000000080500000, 0x0000000080500000|100%|HS|  |TAMS 0x0000000080500000, 0x0000000080400000| Complete 
|   5|0x0000000080500000, 0x0000000080600000, 0x0000000080600000|100%|HC|  |TAMS 0x0000000080600000, 0x0000000080500000| Complete 
|   6|0x0000000080600000, 0x0000000080700000, 0x0000000080700000|100%|HC|  |TAMS 0x0000000080700000, 0x0000000080600000| Complete 
|   7|0x0000000080700000, 0x0000000080800000, 0x0000000080800000|100%| O|  |TAMS 0x0000000080800000, 0x0000000080700000| Untracked 
|   8|0x0000000080800000, 0x0000000080900000, 0x0000000080900000|100%| O|  |TAMS 0x0000000080900000, 0x0000000080800000| Untracked 
|   9|0x0000000080900000, 0x0000000080a00000, 0x0000000080a00000|100%| O|  |TAMS 0x0000000080a00000, 0x0000000080900000| Untracked 
|  10|0x0000000080a00000, 0x0000000080b00000, 0x0000000080b00000|100%| O|  |TAMS 0x0000000080b00000, 0x0000000080a00000| Untracked 
|  11|0x0000000080b00000, 0x0000000080c00000, 0x0000000080c00000|100%| O|  |TAMS 0x0000000080c00000, 0x0000000080b00000| Untracked 
|  12|0x0000000080c00000, 0x0000000080d00000, 0x0000000080d00000|100%| O|  |TAMS 0x0000000080d00000, 0x0000000080c00000| Untracked 
|  13|0x0000000080d00000, 0x0000000080e00000, 0x0000000080e00000|100%| O|  |TAMS 0x0000000080e00000, 0x0000000080d00000| Untracked 
|  14|0x0000000080e00000, 0x0000000080f00000, 0x0000000080f00000|100%| O|  |TAMS 0x0000000080f00000, 0x0000000080e00000| Untracked 
|  15|0x0000000080f00000, 0x0000000081000000, 0x0000000081000000|100%| O|  |TAMS 0x0000000081000000, 0x0000000080f00000| Untracked 
|  16|0x0000000081000000, 0x0000000081100000, 0x0000000081100000|100%| O|  |TAMS 0x0000000081100000, 0x0000000081000000| Untracked 
|  17|0x0000000081100000, 0x0000000081200000, 0x0000000081200000|100%|HS|  |TAMS 0x0000000081200000, 0x0000000081100000| Complete 
|  18|0x0000000081200000, 0x0000000081300000, 0x0000000081300000|100%|HC|  |TAMS 0x0000000081300000, 0x0000000081200000| Complete 
|  19|0x0000000081300000, 0x0000000081400000, 0x0000000081400000|100%|HS|  |TAMS 0x0000000081400000, 0x0000000081300000| Complete 
|  20|0x0000000081400000, 0x0000000081500000, 0x0000000081500000|100%|HC|  |TAMS 0x0000000081500000, 0x0000000081400000| Complete 
|  21|0x0000000081500000, 0x0000000081600000, 0x0000000081600000|100%|HC|  |TAMS 0x0000000081600000, 0x0000000081500000| Complete 
|  22|0x0000000081600000, 0x0000000081700000, 0x0000000081700000|100%|HS|  |TAMS 0x0000000081700000, 0x0000000081600000| Complete 
|  23|0x0000000081700000, 0x0000000081800000, 0x0000000081800000|100%|HS|  |TAMS 0x0000000081800000, 0x0000000081700000| Complete 
|  24|0x0000000081800000, 0x0000000081900000, 0x0000000081900000|100%|HC|  |TAMS 0x0000000081900000, 0x0000000081800000| Complete 
|  25|0x0000000081900000, 0x0000000081a00000, 0x0000000081a00000|100%|HC|  |TAMS 0x0000000081a00000, 0x0000000081900000| Complete 
|  26|0x0000000081a00000, 0x0000000081b00000, 0x0000000081b00000|100%|HC|  |TAMS 0x0000000081b00000, 0x0000000081a00000| Complete 
|  27|0x0000000081b00000, 0x0000000081c00000, 0x0000000081c00000|100%| O|  |TAMS 0x0000000081c00000, 0x0000000081b00000| Untracked 
|  28|0x0000000081c00000, 0x0000000081d00000, 0x0000000081d00000|100%| O|  |TAMS 0x0000000081d00000, 0x0000000081c00000| Untracked 
|  29|0x0000000081d00000, 0x0000000081e00000, 0x0000000081e00000|100%| O|  |TAMS 0x0000000081e00000, 0x0000000081d00000| Untracked 
|  30|0x0000000081e00000, 0x0000000081f00000, 0x0000000081f00000|100%| O|  |TAMS 0x0000000081f00000, 0x0000000081e00000| Untracked 
|  31|0x0000000081f00000, 0x0000000082000000, 0x0000000082000000|100%| O|  |TAMS 0x0000000082000000, 0x0000000081f00000| Untracked 
|  32|0x0000000082000000, 0x0000000082100000, 0x0000000082100000|100%| O|  |TAMS 0x0000000082100000, 0x0000000082000000| Untracked 
|  33|0x0000000082100000, 0x0000000082200000, 0x0000000082200000|100%| O|  |TAMS 0x0000000082200000, 0x0000000082100000| Untracked 
|  34|0x0000000082200000, 0x0000000082300000, 0x0000000082300000|100%| O|  |TAMS 0x0000000082300000, 0x0000000082200000| Untracked 
|  35|0x0000000082300000, 0x0000000082400000, 0x0000000082400000|100%| O|  |TAMS 0x0000000082400000, 0x0000000082300000| Untracked 
|  36|0x0000000082400000, 0x0000000082500000, 0x0000000082500000|100%| O|  |TAMS 0x0000000082500000, 0x0000000082400000| Untracked 
|  37|0x0000000082500000, 0x0000000082600000, 0x0000000082600000|100%| O|  |TAMS 0x0000000082600000, 0x0000000082500000| Untracked 
|  38|0x0000000082600000, 0x0000000082700000, 0x0000000082700000|100%| O|  |TAMS 0x0000000082700000, 0x0000000082600000| Untracked 
|  39|0x0000000082700000, 0x0000000082800000, 0x0000000082800000|100%| O|  |TAMS 0x0000000082800000, 0x0000000082700000| Untracked 
|  40|0x0000000082800000, 0x0000000082900000, 0x0000000082900000|100%|HS|  |TAMS 0x0000000082900000, 0x0000000082800000| Complete 
|  41|0x0000000082900000, 0x0000000082a00000, 0x0000000082a00000|100%| O|  |TAMS 0x0000000082a00000, 0x0000000082900000| Untracked 
|  42|0x0000000082a00000, 0x0000000082b00000, 0x0000000082b00000|100%|HS|  |TAMS 0x0000000082b00000, 0x0000000082a00000| Complete 
|  43|0x0000000082b00000, 0x0000000082c00000, 0x0000000082c00000|100%|HC|  |TAMS 0x0000000082c00000, 0x0000000082b00000| Complete 
|  44|0x0000000082c00000, 0x0000000082d00000, 0x0000000082d00000|100%|HC|  |TAMS 0x0000000082d00000, 0x0000000082c00000| Complete 
|  45|0x0000000082d00000, 0x0000000082e00000, 0x0000000082e00000|100%| O|  |TAMS 0x0000000082e00000, 0x0000000082d00000| Untracked 
|  46|0x0000000082e00000, 0x0000000082f00000, 0x0000000082f00000|100%| O|  |TAMS 0x0000000082f00000, 0x0000000082e00000| Untracked 
|  47|0x0000000082f00000, 0x0000000083000000, 0x0000000083000000|100%| O|  |TAMS 0x0000000083000000, 0x0000000082f00000| Untracked 
|  48|0x0000000083000000, 0x0000000083100000, 0x0000000083100000|100%| O|  |TAMS 0x0000000083100000, 0x0000000083000000| Untracked 
|  49|0x0000000083100000, 0x0000000083200000, 0x0000000083200000|100%| O|  |TAMS 0x0000000083200000, 0x0000000083100000| Untracked 
|  50|0x0000000083200000, 0x0000000083300000, 0x0000000083300000|100%|HS|  |TAMS 0x0000000083300000, 0x0000000083200000| Complete 
|  51|0x0000000083300000, 0x0000000083400000, 0x0000000083400000|100%|HC|  |TAMS 0x0000000083400000, 0x0000000083300000| Complete 
|  52|0x0000000083400000, 0x0000000083500000, 0x0000000083500000|100%|HC|  |TAMS 0x0000000083500000, 0x0000000083400000| Complete 
|  53|0x0000000083500000, 0x0000000083600000, 0x0000000083600000|100%|HC|  |TAMS 0x0000000083600000, 0x0000000083500000| Complete 
|  54|0x0000000083600000, 0x0000000083700000, 0x0000000083700000|100%| O|  |TAMS 0x0000000083700000, 0x0000000083600000| Untracked 
|  55|0x0000000083700000, 0x0000000083800000, 0x0000000083800000|100%| O|  |TAMS 0x0000000083800000, 0x0000000083700000| Untracked 
|  56|0x0000000083800000, 0x0000000083900000, 0x0000000083900000|100%| O|  |TAMS 0x0000000083900000, 0x0000000083800000| Untracked 
|  57|0x0000000083900000, 0x0000000083a00000, 0x0000000083a00000|100%| O|  |TAMS 0x0000000083a00000, 0x0000000083900000| Untracked 
|  58|0x0000000083a00000, 0x0000000083b00000, 0x0000000083b00000|100%| O|  |TAMS 0x0000000083b00000, 0x0000000083a00000| Untracked 
|  59|0x0000000083b00000, 0x0000000083c00000, 0x0000000083c00000|100%| O|  |TAMS 0x0000000083c00000, 0x0000000083b00000| Untracked 
|  60|0x0000000083c00000, 0x0000000083d00000, 0x0000000083d00000|100%|HS|  |TAMS 0x0000000083d00000, 0x0000000083c00000| Complete 
|  61|0x0000000083d00000, 0x0000000083e00000, 0x0000000083e00000|100%|HS|  |TAMS 0x0000000083e00000, 0x0000000083d00000| Complete 
|  62|0x0000000083e00000, 0x0000000083f00000, 0x0000000083f00000|100%|HS|  |TAMS 0x0000000083f00000, 0x0000000083e00000| Complete 
|  63|0x0000000083f00000, 0x0000000084000000, 0x0000000084000000|100%| O|  |TAMS 0x0000000084000000, 0x0000000083f00000| Untracked 
|  64|0x0000000084000000, 0x0000000084100000, 0x0000000084100000|100%| O|  |TAMS 0x0000000084100000, 0x0000000084000000| Untracked 
|  65|0x0000000084100000, 0x0000000084200000, 0x0000000084200000|100%|HS|  |TAMS 0x0000000084200000, 0x0000000084100000| Complete 
|  66|0x0000000084200000, 0x0000000084300000, 0x0000000084300000|100%|HC|  |TAMS 0x0000000084300000, 0x0000000084200000| Complete 
|  67|0x0000000084300000, 0x0000000084400000, 0x0000000084400000|100%|HC|  |TAMS 0x0000000084400000, 0x0000000084300000| Complete 
|  68|0x0000000084400000, 0x0000000084500000, 0x0000000084500000|100%| O|  |TAMS 0x0000000084500000, 0x0000000084400000| Untracked 
|  69|0x0000000084500000, 0x0000000084600000, 0x0000000084600000|100%| O|  |TAMS 0x0000000084600000, 0x0000000084500000| Untracked 
|  70|0x0000000084600000, 0x0000000084700000, 0x0000000084700000|100%|HS|  |TAMS 0x0000000084700000, 0x0000000084600000| Complete 
|  71|0x0000000084700000, 0x0000000084800000, 0x0000000084800000|100%|HC|  |TAMS 0x0000000084800000, 0x0000000084700000| Complete 
|  72|0x0000000084800000, 0x0000000084900000, 0x0000000084900000|100%| O|  |TAMS 0x0000000084900000, 0x0000000084800000| Untracked 
|  73|0x0000000084900000, 0x0000000084a00000, 0x0000000084a00000|100%| O|  |TAMS 0x0000000084a00000, 0x0000000084900000| Untracked 
|  74|0x0000000084a00000, 0x0000000084b00000, 0x0000000084b00000|100%| O|  |TAMS 0x0000000084b00000, 0x0000000084a00000| Untracked 
|  75|0x0000000084b00000, 0x0000000084c00000, 0x0000000084c00000|100%| O|  |TAMS 0x0000000084c00000, 0x0000000084b00000| Untracked 
|  76|0x0000000084c00000, 0x0000000084d00000, 0x0000000084d00000|100%| O|  |TAMS 0x0000000084c2da00, 0x0000000084c00000| Untracked 
|  77|0x0000000084d00000, 0x0000000084e00000, 0x0000000084e00000|100%| O|  |TAMS 0x0000000084d00000, 0x0000000084d00000| Untracked 
|  78|0x0000000084e00000, 0x0000000084f00000, 0x0000000084f00000|100%| O|  |TAMS 0x0000000084e00000, 0x0000000084e00000| Untracked 
|  79|0x0000000084f00000, 0x0000000085000000, 0x0000000085000000|100%| O|  |TAMS 0x0000000084f00000, 0x0000000084f00000| Untracked 
|  80|0x0000000085000000, 0x0000000085100000, 0x0000000085100000|100%| O|  |TAMS 0x0000000085000000, 0x0000000085000000| Untracked 
|  81|0x0000000085100000, 0x0000000085200000, 0x0000000085200000|100%| O|  |TAMS 0x0000000085100000, 0x0000000085100000| Untracked 
|  82|0x0000000085200000, 0x0000000085261ff0, 0x0000000085300000| 38%| O|  |TAMS 0x0000000085200000, 0x0000000085200000| Untracked 
|  83|0x0000000085300000, 0x0000000085300000, 0x0000000085400000|  0%| F|  |TAMS 0x0000000085300000, 0x0000000085300000| Untracked 
|  84|0x0000000085400000, 0x0000000085400000, 0x0000000085500000|  0%| F|  |TAMS 0x0000000085400000, 0x0000000085400000| Untracked 
|  85|0x0000000085500000, 0x0000000085500000, 0x0000000085600000|  0%| F|  |TAMS 0x0000000085500000, 0x0000000085500000| Untracked 
|  86|0x0000000085600000, 0x0000000085600000, 0x0000000085700000|  0%| F|  |TAMS 0x0000000085600000, 0x0000000085600000| Untracked 
|  87|0x0000000085700000, 0x0000000085700000, 0x0000000085800000|  0%| F|  |TAMS 0x0000000085700000, 0x0000000085700000| Untracked 
|  88|0x0000000085800000, 0x0000000085800000, 0x0000000085900000|  0%| F|  |TAMS 0x0000000085800000, 0x0000000085800000| Untracked 
|  89|0x0000000085900000, 0x0000000085900000, 0x0000000085a00000|  0%| F|  |TAMS 0x0000000085900000, 0x0000000085900000| Untracked 
|  90|0x0000000085a00000, 0x0000000085a00000, 0x0000000085b00000|  0%| F|  |TAMS 0x0000000085a00000, 0x0000000085a00000| Untracked 
|  91|0x0000000085b00000, 0x0000000085b00000, 0x0000000085c00000|  0%| F|  |TAMS 0x0000000085b00000, 0x0000000085b00000| Untracked 
|  92|0x0000000085c00000, 0x0000000085c00000, 0x0000000085d00000|  0%| F|  |TAMS 0x0000000085c00000, 0x0000000085c00000| Untracked 
|  93|0x0000000085d00000, 0x0000000085d00000, 0x0000000085e00000|  0%| F|  |TAMS 0x0000000085d00000, 0x0000000085d00000| Untracked 
|  94|0x0000000085e00000, 0x0000000085e00000, 0x0000000085f00000|  0%| F|  |TAMS 0x0000000085e00000, 0x0000000085e00000| Untracked 
|  95|0x0000000085f00000, 0x0000000085f00000, 0x0000000086000000|  0%| F|  |TAMS 0x0000000085f00000, 0x0000000085f00000| Untracked 
|  96|0x0000000086000000, 0x0000000086000000, 0x0000000086100000|  0%| F|  |TAMS 0x0000000086000000, 0x0000000086000000| Untracked 
|  97|0x0000000086100000, 0x0000000086100000, 0x0000000086200000|  0%| F|  |TAMS 0x0000000086100000, 0x0000000086100000| Untracked 
|  98|0x0000000086200000, 0x0000000086200000, 0x0000000086300000|  0%| F|  |TAMS 0x0000000086200000, 0x0000000086200000| Untracked 
|  99|0x0000000086300000, 0x0000000086300000, 0x0000000086400000|  0%| F|  |TAMS 0x0000000086300000, 0x0000000086300000| Untracked 
| 100|0x0000000086400000, 0x0000000086400000, 0x0000000086500000|  0%| F|  |TAMS 0x0000000086400000, 0x0000000086400000| Untracked 
| 101|0x0000000086500000, 0x0000000086500000, 0x0000000086600000|  0%| F|  |TAMS 0x0000000086500000, 0x0000000086500000| Untracked 
| 102|0x0000000086600000, 0x0000000086600000, 0x0000000086700000|  0%| F|  |TAMS 0x0000000086600000, 0x0000000086600000| Untracked 
| 103|0x0000000086700000, 0x0000000086700000, 0x0000000086800000|  0%| F|  |TAMS 0x0000000086700000, 0x0000000086700000| Untracked 
| 104|0x0000000086800000, 0x0000000086800000, 0x0000000086900000|  0%| F|  |TAMS 0x0000000086800000, 0x0000000086800000| Untracked 
| 105|0x0000000086900000, 0x0000000086900000, 0x0000000086a00000|  0%| F|  |TAMS 0x0000000086900000, 0x0000000086900000| Untracked 
| 106|0x0000000086a00000, 0x0000000086a00000, 0x0000000086b00000|  0%| F|  |TAMS 0x0000000086a00000, 0x0000000086a00000| Untracked 
| 107|0x0000000086b00000, 0x0000000086b00000, 0x0000000086c00000|  0%| F|  |TAMS 0x0000000086b00000, 0x0000000086b00000| Untracked 
| 108|0x0000000086c00000, 0x0000000086c00000, 0x0000000086d00000|  0%| F|  |TAMS 0x0000000086c00000, 0x0000000086c00000| Untracked 
| 109|0x0000000086d00000, 0x0000000086d00000, 0x0000000086e00000|  0%| F|  |TAMS 0x0000000086d00000, 0x0000000086d00000| Untracked 
| 110|0x0000000086e00000, 0x0000000086e00000, 0x0000000086f00000|  0%| F|  |TAMS 0x0000000086e00000, 0x0000000086e00000| Untracked 
| 111|0x0000000086f00000, 0x0000000086f00000, 0x0000000087000000|  0%| F|  |TAMS 0x0000000086f00000, 0x0000000086f00000| Untracked 
| 112|0x0000000087000000, 0x0000000087000000, 0x0000000087100000|  0%| F|  |TAMS 0x0000000087000000, 0x0000000087000000| Untracked 
| 113|0x0000000087100000, 0x0000000087100000, 0x0000000087200000|  0%| F|  |TAMS 0x0000000087100000, 0x0000000087100000| Untracked 
| 114|0x0000000087200000, 0x0000000087200000, 0x0000000087300000|  0%| F|  |TAMS 0x0000000087200000, 0x0000000087200000| Untracked 
| 115|0x0000000087300000, 0x0000000087300000, 0x0000000087400000|  0%| F|  |TAMS 0x0000000087300000, 0x0000000087300000| Untracked 
| 116|0x0000000087400000, 0x0000000087400000, 0x0000000087500000|  0%| F|  |TAMS 0x0000000087400000, 0x0000000087400000| Untracked 
| 117|0x0000000087500000, 0x0000000087500000, 0x0000000087600000|  0%| F|  |TAMS 0x0000000087500000, 0x0000000087500000| Untracked 
| 118|0x0000000087600000, 0x0000000087600000, 0x0000000087700000|  0%| F|  |TAMS 0x0000000087600000, 0x0000000087600000| Untracked 
| 119|0x0000000087700000, 0x0000000087800000, 0x0000000087800000|100%| E|CS|TAMS 0x0000000087700000, 0x0000000087700000| Complete 
| 120|0x0000000087800000, 0x0000000087900000, 0x0000000087900000|100%| E|CS|TAMS 0x0000000087800000, 0x0000000087800000| Complete 
| 121|0x0000000087900000, 0x0000000087a00000, 0x0000000087a00000|100%| E|CS|TAMS 0x0000000087900000, 0x0000000087900000| Complete 
| 122|0x0000000087a00000, 0x0000000087b00000, 0x0000000087b00000|100%| E|CS|TAMS 0x0000000087a00000, 0x0000000087a00000| Complete 
| 123|0x0000000087b00000, 0x0000000087c00000, 0x0000000087c00000|100%| E|CS|TAMS 0x0000000087b00000, 0x0000000087b00000| Complete 
| 124|0x0000000087c00000, 0x0000000087c80000, 0x0000000087d00000| 50%| S|  |TAMS 0x0000000087c00000, 0x0000000087c00000| Complete 
| 125|0x0000000087d00000, 0x0000000087e00000, 0x0000000087e00000|100%| S|  |TAMS 0x0000000087d00000, 0x0000000087d00000| Complete 
| 126|0x0000000087e00000, 0x0000000087f00000, 0x0000000087f00000|100%| S|  |TAMS 0x0000000087e00000, 0x0000000087e00000| Complete 
| 127|0x0000000087f00000, 0x0000000088000000, 0x0000000088000000|100%| S|  |TAMS 0x0000000087f00000, 0x0000000087f00000| Complete 
| 128|0x0000000088000000, 0x0000000088100000, 0x0000000088100000|100%| S|  |TAMS 0x0000000088000000, 0x0000000088000000| Complete 
| 129|0x0000000088100000, 0x0000000088200000, 0x0000000088200000|100%| S|  |TAMS 0x0000000088100000, 0x0000000088100000| Complete 
| 130|0x0000000088200000, 0x0000000088300000, 0x0000000088300000|100%| E|CS|TAMS 0x0000000088200000, 0x0000000088200000| Complete 
| 131|0x0000000088300000, 0x0000000088400000, 0x0000000088400000|100%| E|CS|TAMS 0x0000000088300000, 0x0000000088300000| Complete 
| 132|0x0000000088400000, 0x0000000088500000, 0x0000000088500000|100%| E|CS|TAMS 0x0000000088400000, 0x0000000088400000| Complete 
| 133|0x0000000088500000, 0x0000000088600000, 0x0000000088600000|100%| E|CS|TAMS 0x0000000088500000, 0x0000000088500000| Complete 
| 134|0x0000000088600000, 0x0000000088700000, 0x0000000088700000|100%| E|CS|TAMS 0x0000000088600000, 0x0000000088600000| Complete 
| 135|0x0000000088700000, 0x0000000088800000, 0x0000000088800000|100%| E|CS|TAMS 0x0000000088700000, 0x0000000088700000| Complete 
| 136|0x0000000088800000, 0x0000000088900000, 0x0000000088900000|100%| E|CS|TAMS 0x0000000088800000, 0x0000000088800000| Complete 
| 137|0x0000000088900000, 0x0000000088a00000, 0x0000000088a00000|100%| E|CS|TAMS 0x0000000088900000, 0x0000000088900000| Complete 
| 138|0x0000000088a00000, 0x0000000088b00000, 0x0000000088b00000|100%| E|CS|TAMS 0x0000000088a00000, 0x0000000088a00000| Complete 
| 139|0x0000000088b00000, 0x0000000088c00000, 0x0000000088c00000|100%| E|CS|TAMS 0x0000000088b00000, 0x0000000088b00000| Complete 
| 140|0x0000000088c00000, 0x0000000088d00000, 0x0000000088d00000|100%| E|CS|TAMS 0x0000000088c00000, 0x0000000088c00000| Complete 
| 141|0x0000000088d00000, 0x0000000088e00000, 0x0000000088e00000|100%| E|CS|TAMS 0x0000000088d00000, 0x0000000088d00000| Complete 
| 142|0x0000000088e00000, 0x0000000088f00000, 0x0000000088f00000|100%| E|CS|TAMS 0x0000000088e00000, 0x0000000088e00000| Complete 
| 143|0x0000000088f00000, 0x0000000089000000, 0x0000000089000000|100%| E|CS|TAMS 0x0000000088f00000, 0x0000000088f00000| Complete 
| 144|0x0000000089000000, 0x0000000089100000, 0x0000000089100000|100%| E|CS|TAMS 0x0000000089000000, 0x0000000089000000| Complete 
| 145|0x0000000089100000, 0x0000000089200000, 0x0000000089200000|100%| E|CS|TAMS 0x0000000089100000, 0x0000000089100000| Complete 
| 146|0x0000000089200000, 0x0000000089300000, 0x0000000089300000|100%| E|CS|TAMS 0x0000000089200000, 0x0000000089200000| Complete 
| 147|0x0000000089300000, 0x0000000089400000, 0x0000000089400000|100%| E|CS|TAMS 0x0000000089300000, 0x0000000089300000| Complete 
| 148|0x0000000089400000, 0x0000000089500000, 0x0000000089500000|100%| E|CS|TAMS 0x0000000089400000, 0x0000000089400000| Complete 
| 149|0x0000000089500000, 0x0000000089600000, 0x0000000089600000|100%| E|CS|TAMS 0x0000000089500000, 0x0000000089500000| Complete 
| 150|0x0000000089600000, 0x0000000089700000, 0x0000000089700000|100%| E|CS|TAMS 0x0000000089600000, 0x0000000089600000| Complete 
| 151|0x0000000089700000, 0x0000000089800000, 0x0000000089800000|100%| E|CS|TAMS 0x0000000089700000, 0x0000000089700000| Complete 
| 152|0x0000000089800000, 0x0000000089900000, 0x0000000089900000|100%| E|CS|TAMS 0x0000000089800000, 0x0000000089800000| Complete 
| 153|0x0000000089900000, 0x0000000089a00000, 0x0000000089a00000|100%| E|CS|TAMS 0x0000000089900000, 0x0000000089900000| Complete 
| 154|0x0000000089a00000, 0x0000000089b00000, 0x0000000089b00000|100%| E|CS|TAMS 0x0000000089a00000, 0x0000000089a00000| Complete 
| 155|0x0000000089b00000, 0x0000000089c00000, 0x0000000089c00000|100%| E|CS|TAMS 0x0000000089b00000, 0x0000000089b00000| Complete 
| 156|0x0000000089c00000, 0x0000000089d00000, 0x0000000089d00000|100%| E|CS|TAMS 0x0000000089c00000, 0x0000000089c00000| Complete 
| 157|0x0000000089d00000, 0x0000000089e00000, 0x0000000089e00000|100%| E|CS|TAMS 0x0000000089d00000, 0x0000000089d00000| Complete 
| 158|0x0000000089e00000, 0x0000000089f00000, 0x0000000089f00000|100%| E|CS|TAMS 0x0000000089e00000, 0x0000000089e00000| Complete 
| 159|0x0000000089f00000, 0x000000008a000000, 0x000000008a000000|100%| E|CS|TAMS 0x0000000089f00000, 0x0000000089f00000| Complete 
| 160|0x000000008a000000, 0x000000008a100000, 0x000000008a100000|100%| E|CS|TAMS 0x000000008a000000, 0x000000008a000000| Complete 
| 161|0x000000008a100000, 0x000000008a200000, 0x000000008a200000|100%| E|CS|TAMS 0x000000008a100000, 0x000000008a100000| Complete 
| 162|0x000000008a200000, 0x000000008a300000, 0x000000008a300000|100%| E|CS|TAMS 0x000000008a200000, 0x000000008a200000| Complete 
| 163|0x000000008a300000, 0x000000008a400000, 0x000000008a400000|100%| E|CS|TAMS 0x000000008a300000, 0x000000008a300000| Complete 
| 164|0x000000008a400000, 0x000000008a500000, 0x000000008a500000|100%| E|CS|TAMS 0x000000008a400000, 0x000000008a400000| Complete 
| 165|0x000000008a500000, 0x000000008a600000, 0x000000008a600000|100%| E|CS|TAMS 0x000000008a500000, 0x000000008a500000| Complete 
| 166|0x000000008a600000, 0x000000008a700000, 0x000000008a700000|100%| E|CS|TAMS 0x000000008a600000, 0x000000008a600000| Complete 
| 167|0x000000008a700000, 0x000000008a800000, 0x000000008a800000|100%| E|CS|TAMS 0x000000008a700000, 0x000000008a700000| Complete 
| 168|0x000000008a800000, 0x000000008a900000, 0x000000008a900000|100%| E|CS|TAMS 0x000000008a800000, 0x000000008a800000| Complete 
| 169|0x000000008a900000, 0x000000008aa00000, 0x000000008aa00000|100%| E|CS|TAMS 0x000000008a900000, 0x000000008a900000| Complete 
| 170|0x000000008aa00000, 0x000000008ab00000, 0x000000008ab00000|100%| E|CS|TAMS 0x000000008aa00000, 0x000000008aa00000| Complete 
| 171|0x000000008ab00000, 0x000000008ac00000, 0x000000008ac00000|100%| E|CS|TAMS 0x000000008ab00000, 0x000000008ab00000| Complete 
| 172|0x000000008ac00000, 0x000000008ad00000, 0x000000008ad00000|100%| E|CS|TAMS 0x000000008ac00000, 0x000000008ac00000| Complete 
| 173|0x000000008ad00000, 0x000000008ae00000, 0x000000008ae00000|100%| E|CS|TAMS 0x000000008ad00000, 0x000000008ad00000| Complete 
| 174|0x000000008ae00000, 0x000000008af00000, 0x000000008af00000|100%| E|CS|TAMS 0x000000008ae00000, 0x000000008ae00000| Complete 
| 175|0x000000008af00000, 0x000000008b000000, 0x000000008b000000|100%| E|CS|TAMS 0x000000008af00000, 0x000000008af00000| Complete 
| 176|0x000000008b000000, 0x000000008b100000, 0x000000008b100000|100%| E|CS|TAMS 0x000000008b000000, 0x000000008b000000| Complete 
| 177|0x000000008b100000, 0x000000008b200000, 0x000000008b200000|100%| E|CS|TAMS 0x000000008b100000, 0x000000008b100000| Complete 
| 178|0x000000008b200000, 0x000000008b300000, 0x000000008b300000|100%| E|CS|TAMS 0x000000008b200000, 0x000000008b200000| Complete 
| 179|0x000000008b300000, 0x000000008b400000, 0x000000008b400000|100%| E|CS|TAMS 0x000000008b300000, 0x000000008b300000| Complete 
| 180|0x000000008b400000, 0x000000008b500000, 0x000000008b500000|100%| E|CS|TAMS 0x000000008b400000, 0x000000008b400000| Complete 
| 181|0x000000008b500000, 0x000000008b600000, 0x000000008b600000|100%| E|CS|TAMS 0x000000008b500000, 0x000000008b500000| Complete 
| 182|0x000000008b600000, 0x000000008b700000, 0x000000008b700000|100%| E|CS|TAMS 0x000000008b600000, 0x000000008b600000| Complete 

Card table byte_map: [0x0000022b6da00000,0x0000022b6de00000] _byte_map_base: 0x0000022b6d600000

Marking Bits (Prev, Next): (CMBitMap*) 0x0000022b5ab2cbc0, (CMBitMap*) 0x0000022b5ab2cb88
 Prev Bits: [0x0000022b70200000, 0x0000022b72200000)
 Next Bits: [0x0000022b6e200000, 0x0000022b70200000)

Polling page: 0x0000022b58920000

Metaspace:

Usage:
  Non-class:     66.95 MB capacity,    65.52 MB ( 98%) used,     1.23 MB (  2%) free+waste,   199.88 KB ( <1%) overhead. 
      Class:     10.27 MB capacity,     9.56 MB ( 93%) used,   634.94 KB (  6%) free+waste,    92.81 KB ( <1%) overhead. 
       Both:     77.22 MB capacity,    75.08 MB ( 97%) used,     1.85 MB (  2%) free+waste,   292.69 KB ( <1%) overhead. 

Virtual space:
  Non-class space:       68.00 MB reserved,      67.00 MB ( 99%) committed 
      Class space:        1.00 GB reserved,      10.38 MB (  1%) committed 
             Both:        1.07 GB reserved,      77.38 MB (  7%) committed 

Chunk freelists:
   Non-Class:  52.00 KB
       Class:  12.00 KB
        Both:  64.00 KB

MaxMetaspaceSize: 17179869184.00 GB
CompressedClassSpaceSize: 1.00 GB
Initial GC threshold: 20.80 MB
Current GC threshold: 92.71 MB
CDS: off

CodeHeap 'non-profiled nmethods': size=120064Kb used=4924Kb max_used=4924Kb free=115139Kb
 bounds [0x0000022b660c0000, 0x0000022b66590000, 0x0000022b6d600000]
CodeHeap 'profiled nmethods': size=120000Kb used=18307Kb max_used=18307Kb free=101692Kb
 bounds [0x0000022b5eb90000, 0x0000022b5fd80000, 0x0000022b660c0000]
CodeHeap 'non-nmethods': size=5696Kb used=2356Kb max_used=2389Kb free=3339Kb
 bounds [0x0000022b5e600000, 0x0000022b5e870000, 0x0000022b5eb90000]
 total_blobs=9267 nmethods=8392 adapters=788
 compilation: enabled
              stopped_count=0, restarted_count=0
 full_count=0

Compilation events (20 events):
Event: 377.942 Thread 0x0000022b743db800 8401       3       java.beans.PropertyDescriptor::setPropertyEditorClass (9 bytes)
Event: 377.943 Thread 0x0000022b743db800 nmethod 8401 0x0000022b5fd55090 code [0x0000022b5fd55280, 0x0000022b5fd55608]
Event: 377.943 Thread 0x0000022b743db800 8402  s    3       java.beans.PropertyDescriptor::setReadMethod (22 bytes)
Event: 377.944 Thread 0x0000022b743db800 nmethod 8402 0x0000022b5fd55790 code [0x0000022b5fd559a0, 0x0000022b5fd55fd8]
Event: 377.944 Thread 0x0000022b743db800 8403  s    3       java.beans.PropertyDescriptor::setWriteMethod (19 bytes)
Event: 377.944 Thread 0x0000022b743db800 nmethod 8403 0x0000022b5fd56210 code [0x0000022b5fd56420, 0x0000022b5fd56ab8]
Event: 377.944 Thread 0x0000022b743d7000 nmethod 8396 0x0000022b6658ea90 code [0x0000022b6658ec60, 0x0000022b6658ef50]
Event: 377.945 Thread 0x0000022b743db800 8404       3       com.sun.proxy.$Proxy4::<init> (6 bytes)
Event: 377.946 Thread 0x0000022b743db800 nmethod 8404 0x0000022b5fd56c90 code [0x0000022b5fd56e60, 0x0000022b5fd571e8]
Event: 377.946 Thread 0x0000022b743d7000 8405       4       com.sun.beans.TypeResolver::resolve (37 bytes)
Event: 377.947 Thread 0x0000022b743db800 8407       3       java.beans.PropertyDescriptor::<init> (112 bytes)
Event: 377.948 Thread 0x0000022b743db800 nmethod 8407 0x0000022b5fd57390 code [0x0000022b5fd575c0, 0x0000022b5fd57ce8]
Event: 377.948 Thread 0x0000022b743db800 8408   !   3       java.beans.PropertyDescriptor::updateGenericsFor (37 bytes)
Event: 377.949 Thread 0x0000022b743db800 nmethod 8408 0x0000022b5fd57f90 code [0x0000022b5fd58260, 0x0000022b5fd592b8]
Event: 377.949 Thread 0x0000022b743db800 8409       3       com.sun.beans.introspect.PropertyInfo::get (495 bytes)
Event: 377.961 Thread 0x0000022b743db800 nmethod 8409 0x0000022b5fd59810 code [0x0000022b5fd5a4e0, 0x0000022b5fd633c8]
Event: 377.963 Thread 0x0000022b743db800 8411   !   3       java.beans.PropertyDescriptor::<init> (347 bytes)
Event: 377.971 Thread 0x0000022b743db800 nmethod 8411 0x0000022b5fd65e90 code [0x0000022b5fd667c0, 0x0000022b5fd6cd28]
Event: 377.973 Thread 0x0000022b743db800 8412       3       groovy.lang.MetaClassImpl::filterPropertyMethod (305 bytes)
Event: 377.975 Thread 0x0000022b743db800 nmethod 8412 0x0000022b5fd6eb90 code [0x0000022b5fd6eec0, 0x0000022b5fd708a8]

GC Heap History (20 events):
Event: 307.352 GC heap after
{Heap after GC invocations=103 (full 0):
 garbage-first heap   total 95232K, used 78263K [0x0000000080000000, 0x0000000100000000)
  region size 1024K, 1 young (1024K), 1 survivors (1024K)
 Metaspace       used 54391K, capacity 56012K, committed 56064K, reserved 1097728K
  class space    used 7095K, capacity 7650K, committed 7680K, reserved 1048576K
}
Event: 307.436 GC heap before
{Heap before GC invocations=103 (full 0):
 garbage-first heap   total 95232K, used 81335K [0x0000000080000000, 0x0000000100000000)
  region size 1024K, 4 young (4096K), 1 survivors (1024K)
 Metaspace       used 54400K, capacity 56012K, committed 56064K, reserved 1097728K
  class space    used 7095K, capacity 7650K, committed 7680K, reserved 1048576K
}
Event: 307.439 GC heap after
{Heap after GC invocations=104 (full 0):
 garbage-first heap   total 95232K, used 78264K [0x0000000080000000, 0x0000000100000000)
  region size 1024K, 1 young (1024K), 1 survivors (1024K)
 Metaspace       used 54400K, capacity 56012K, committed 56064K, reserved 1097728K
  class space    used 7095K, capacity 7650K, committed 7680K, reserved 1048576K
}
Event: 307.741 GC heap before
{Heap before GC invocations=105 (full 0):
 garbage-first heap   total 95232K, used 81336K [0x0000000080000000, 0x0000000100000000)
  region size 1024K, 4 young (4096K), 1 survivors (1024K)
 Metaspace       used 54421K, capacity 56012K, committed 56064K, reserved 1097728K
  class space    used 7095K, capacity 7650K, committed 7680K, reserved 1048576K
}
Event: 307.744 GC heap after
{Heap after GC invocations=106 (full 0):
 garbage-first heap   total 95232K, used 78295K [0x0000000080000000, 0x0000000100000000)
  region size 1024K, 1 young (1024K), 1 survivors (1024K)
 Metaspace       used 54421K, capacity 56012K, committed 56064K, reserved 1097728K
  class space    used 7095K, capacity 7650K, committed 7680K, reserved 1048576K
}
Event: 307.840 GC heap before
{Heap before GC invocations=106 (full 0):
 garbage-first heap   total 95232K, used 81367K [0x0000000080000000, 0x0000000100000000)
  region size 1024K, 4 young (4096K), 1 survivors (1024K)
 Metaspace       used 54433K, capacity 56012K, committed 56064K, reserved 1097728K
  class space    used 7095K, capacity 7650K, committed 7680K, reserved 1048576K
}
Event: 307.844 GC heap after
{Heap after GC invocations=107 (full 0):
 garbage-first heap   total 95232K, used 78409K [0x0000000080000000, 0x0000000100000000)
  region size 1024K, 1 young (1024K), 1 survivors (1024K)
 Metaspace       used 54433K, capacity 56012K, committed 56064K, reserved 1097728K
  class space    used 7095K, capacity 7650K, committed 7680K, reserved 1048576K
}
Event: 308.344 GC heap before
{Heap before GC invocations=108 (full 0):
 garbage-first heap   total 95232K, used 81481K [0x0000000080000000, 0x0000000100000000)
  region size 1024K, 4 young (4096K), 1 survivors (1024K)
 Metaspace       used 54645K, capacity 56276K, committed 56448K, reserved 1097728K
  class space    used 7120K, capacity 7695K, committed 7808K, reserved 1048576K
}
Event: 308.348 GC heap after
{Heap after GC invocations=109 (full 0):
 garbage-first heap   total 95232K, used 78532K [0x0000000080000000, 0x0000000100000000)
  region size 1024K, 1 young (1024K), 1 survivors (1024K)
 Metaspace       used 54645K, capacity 56276K, committed 56448K, reserved 1097728K
  class space    used 7120K, capacity 7695K, committed 7808K, reserved 1048576K
}
Event: 308.973 GC heap before
{Heap before GC invocations=109 (full 0):
 garbage-first heap   total 95232K, used 81604K [0x0000000080000000, 0x0000000100000000)
  region size 1024K, 4 young (4096K), 1 survivors (1024K)
 Metaspace       used 55138K, capacity 56806K, committed 56960K, reserved 1097728K
  class space    used 7171K, capacity 7744K, committed 7808K, reserved 1048576K
}
Event: 309.081 GC heap after
{Heap after GC invocations=110 (full 0):
 garbage-first heap   total 95232K, used 78729K [0x0000000080000000, 0x0000000100000000)
  region size 1024K, 1 young (1024K), 1 survivors (1024K)
 Metaspace       used 55138K, capacity 56806K, committed 56960K, reserved 1097728K
  class space    used 7171K, capacity 7744K, committed 7808K, reserved 1048576K
}
Event: 309.541 GC heap before
{Heap before GC invocations=111 (full 0):
 garbage-first heap   total 95232K, used 80777K [0x0000000080000000, 0x0000000100000000)
  region size 1024K, 4 young (4096K), 1 survivors (1024K)
 Metaspace       used 55279K, capacity 56974K, committed 57216K, reserved 1099776K
  class space    used 7188K, capacity 7778K, committed 7808K, reserved 1048576K
}
Event: 309.551 GC heap after
{Heap after GC invocations=112 (full 0):
 garbage-first heap   total 187392K, used 78936K [0x0000000080000000, 0x0000000100000000)
  region size 1024K, 1 young (1024K), 1 survivors (1024K)
 Metaspace       used 55279K, capacity 56974K, committed 57216K, reserved 1099776K
  class space    used 7188K, capacity 7778K, committed 7808K, reserved 1048576K
}
Event: 337.463 GC heap before
{Heap before GC invocations=112 (full 0):
 garbage-first heap   total 187392K, used 127064K [0x0000000080000000, 0x0000000100000000)
  region size 1024K, 48 young (49152K), 1 survivors (1024K)
 Metaspace       used 61764K, capacity 63527K, committed 63744K, reserved 1103872K
  class space    used 7994K, capacity 8616K, committed 8704K, reserved 1048576K
}
Event: 337.482 GC heap after
{Heap after GC invocations=113 (full 0):
 garbage-first heap   total 187392K, used 81091K [0x0000000080000000, 0x0000000100000000)
  region size 1024K, 3 young (3072K), 3 survivors (3072K)
 Metaspace       used 61764K, capacity 63527K, committed 63744K, reserved 1103872K
  class space    used 7994K, capacity 8616K, committed 8704K, reserved 1048576K
}
Event: 358.244 GC heap before
{Heap before GC invocations=113 (full 0):
 garbage-first heap   total 187392K, used 130243K [0x0000000080000000, 0x0000000100000000)
  region size 1024K, 52 young (53248K), 3 survivors (3072K)
 Metaspace       used 69227K, capacity 71197K, committed 71296K, reserved 1112064K
  class space    used 8842K, capacity 9548K, committed 9600K, reserved 1048576K
}
Event: 358.266 GC heap after
{Heap after GC invocations=114 (full 0):
 garbage-first heap   total 187392K, used 85008K [0x0000000080000000, 0x0000000100000000)
  region size 1024K, 7 young (7168K), 7 survivors (7168K)
 Metaspace       used 69227K, capacity 71197K, committed 71296K, reserved 1112064K
  class space    used 8842K, capacity 9548K, committed 9600K, reserved 1048576K
}
Event: 364.379 GC heap before
{Heap before GC invocations=114 (full 0):
 garbage-first heap   total 187392K, used 136208K [0x0000000080000000, 0x0000000100000000)
  region size 1024K, 57 young (58368K), 7 survivors (7168K)
 Metaspace       used 73322K, capacity 75240K, committed 75392K, reserved 1114112K
  class space    used 9343K, capacity 10053K, committed 10112K, reserved 1048576K
}
Event: 364.415 GC heap after
{Heap after GC invocations=115 (full 0):
 garbage-first heap   total 187392K, used 88179K [0x0000000080000000, 0x0000000100000000)
  region size 1024K, 7 young (7168K), 7 survivors (7168K)
 Metaspace       used 73322K, capacity 75240K, committed 75392K, reserved 1114112K
  class space    used 9343K, capacity 10053K, committed 10112K, reserved 1048576K
}
Event: 378.060 GC heap before
{Heap before GC invocations=115 (full 0):
 garbage-first heap   total 187392K, used 140403K [0x0000000080000000, 0x0000000100000000)
  region size 1024K, 58 young (59392K), 7 survivors (7168K)
 Metaspace       used 76882K, capacity 79072K, committed 79232K, reserved 1118208K
  class space    used 9788K, capacity 10516K, committed 10624K, reserved 1048576K
}

Deoptimization events (20 events):
Event: 376.327 Thread 0x0000022b76edd000 DEOPT PACKING pc=0x0000022b664bc3d0 sp=0x0000002c666fd9e0
Event: 376.327 Thread 0x0000022b76edd000 DEOPT UNPACKING pc=0x0000022b5e64a1a9 sp=0x0000002c666fd988 mode 2
Event: 376.327 Thread 0x0000022b76edd000 Uncommon trap: trap_request=0xffffff4d fr.pc=0x0000022b66353fb0 relative=0x0000000000000350
Event: 376.327 Thread 0x0000022b76edd000 Uncommon trap: reason=unstable_if action=reinterpret pc=0x0000022b66353fb0 method=org.objectweb.asm.MethodWriter.visitVarInsn(II)V @ 116 c2
Event: 376.327 Thread 0x0000022b76edd000 DEOPT PACKING pc=0x0000022b66353fb0 sp=0x0000002c666fdb60
Event: 376.327 Thread 0x0000022b76edd000 DEOPT UNPACKING pc=0x0000022b5e64a1a9 sp=0x0000002c666fdb20 mode 2
Event: 376.412 Thread 0x0000022b76edd000 DEOPT PACKING pc=0x0000022b5f12803e sp=0x0000002c666fdb60
Event: 376.412 Thread 0x0000022b76edd000 DEOPT UNPACKING pc=0x0000022b5e64a93f sp=0x0000002c666fd040 mode 0
Event: 376.415 Thread 0x0000022b76edd000 Uncommon trap: trap_request=0xffffff4d fr.pc=0x0000022b6657bb40 relative=0x0000000000000400
Event: 376.415 Thread 0x0000022b76edd000 Uncommon trap: reason=unstable_if action=reinterpret pc=0x0000022b6657bb40 method=java.io.BufferedOutputStream.write([BII)V @ 35 c2
Event: 376.415 Thread 0x0000022b76edd000 DEOPT PACKING pc=0x0000022b6657bb40 sp=0x0000002c666fde70
Event: 376.415 Thread 0x0000022b76edd000 DEOPT UNPACKING pc=0x0000022b5e64a1a9 sp=0x0000002c666fde38 mode 2
Event: 377.911 Thread 0x0000022b763cf000 Uncommon trap: trap_request=0xffffff4d fr.pc=0x0000022b66297564 relative=0x0000000000000324
Event: 377.911 Thread 0x0000022b763cf000 Uncommon trap: reason=unstable_if action=reinterpret pc=0x0000022b66297564 method=java.util.StringJoiner.add(Ljava/lang/CharSequence;)Ljava/util/StringJoiner; @ 33 c2
Event: 377.911 Thread 0x0000022b763cf000 DEOPT PACKING pc=0x0000022b66297564 sp=0x0000002c65af5660
Event: 377.911 Thread 0x0000022b763cf000 DEOPT UNPACKING pc=0x0000022b5e64a1a9 sp=0x0000002c65af5610 mode 2
Event: 377.973 Thread 0x0000022b763cf000 Uncommon trap: trap_request=0xffffff4d fr.pc=0x0000022b6633d948 relative=0x0000000000000648
Event: 377.973 Thread 0x0000022b763cf000 Uncommon trap: reason=unstable_if action=reinterpret pc=0x0000022b6633d948 method=groovy.lang.MetaClassImpl.filterPropertyMethod(Ljava/lang/Object;ZZ)Ljava/lang/Object; @ 60 c2
Event: 377.973 Thread 0x0000022b763cf000 DEOPT PACKING pc=0x0000022b6633d948 sp=0x0000002c65af7b00
Event: 377.973 Thread 0x0000022b763cf000 DEOPT UNPACKING pc=0x0000022b5e64a1a9 sp=0x0000002c65af7a60 mode 2

Classes redefined (0 events):
No events

Internal exceptions (20 events):
Event: 374.253 Thread 0x0000022b763cf000 Exception <a 'java/lang/ClassNotFoundException'{0x00000000898d5980}: org/jetbrains/kotlin/gradle/targets/js/npm/DefaultPeerNpmDependencyExtensionCustomizer> (0x00000000898d5980) thrown at [./src/hotspot/share/classfile/systemDictionary.cpp, line 231]
Event: 374.258 Thread 0x0000022b763cf000 Exception <a 'java/lang/ClassNotFoundException'{0x0000000089735b90}: org/jetbrains/kotlin/gradle/targets/js/npm/DefaultPeerNpmDependencyExtension$delegate$1BeanInfo> (0x0000000089735b90) thrown at [./src/hotspot/share/classfile/systemDictionary.cpp, line 231]
Event: 374.260 Thread 0x0000022b763cf000 Exception <a 'java/lang/ClassNotFoundException'{0x00000000897566d8}: org/jetbrains/kotlin/gradle/targets/js/npm/DefaultPeerNpmDependencyExtension$delegate$1Customizer> (0x00000000897566d8) thrown at [./src/hotspot/share/classfile/systemDictionary.cpp, line 231]
Event: 376.088 Thread 0x0000022b76edd000 Exception <a 'sun/nio/fs/WindowsException'{0x00000000893cc6e0}> (0x00000000893cc6e0) thrown at [./src/hotspot/share/prims/jni.cpp, line 615]
Event: 376.475 Thread 0x0000022b76edd000 Exception <a 'sun/nio/fs/WindowsException'{0x0000000088f33c50}> (0x0000000088f33c50) thrown at [./src/hotspot/share/prims/jni.cpp, line 615]
Event: 376.478 Thread 0x0000022b76edd000 Exception <a 'sun/nio/fs/WindowsException'{0x0000000088f33e50}> (0x0000000088f33e50) thrown at [./src/hotspot/share/prims/jni.cpp, line 615]
Event: 376.697 Thread 0x0000022b763cf000 Exception <a 'java/lang/ClassNotFoundException'{0x0000000088f6cc20}: build_2arrfdmz5s6bh0snk81j9daiiBeanInfo> (0x0000000088f6cc20) thrown at [./src/hotspot/share/classfile/systemDictionary.cpp, line 231]
Event: 376.697 Thread 0x0000022b763cf000 Exception <a 'java/lang/ClassNotFoundException'{0x0000000088f788c0}: build_2arrfdmz5s6bh0snk81j9daiiCustomizer> (0x0000000088f788c0) thrown at [./src/hotspot/share/classfile/systemDictionary.cpp, line 231]
Event: 377.903 Thread 0x0000022b763cf000 Exception <a 'java/lang/ClassNotFoundException'{0x0000000088cae890}: com/android/build/gradle/internal/dsl/BaseAppModuleExtension_DecoratedBeanInfo> (0x0000000088cae890) thrown at [./src/hotspot/share/classfile/systemDictionary.cpp, line 231]
Event: 377.904 Thread 0x0000022b763cf000 Exception <a 'java/lang/ClassNotFoundException'{0x0000000088ccbdb0}: com/android/build/gradle/internal/dsl/BaseAppModuleExtensionBeanInfo> (0x0000000088ccbdb0) thrown at [./src/hotspot/share/classfile/systemDictionary.cpp, line 231]
Event: 377.905 Thread 0x0000022b763cf000 Exception <a 'java/lang/ClassNotFoundException'{0x0000000088ce4d38}: com/android/build/gradle/AppExtensionBeanInfo> (0x0000000088ce4d38) thrown at [./src/hotspot/share/classfile/systemDictionary.cpp, line 231]
Event: 377.905 Thread 0x0000022b763cf000 Exception <a 'java/lang/ClassNotFoundException'{0x0000000088cff3b8}: com/android/build/gradle/AbstractAppExtensionBeanInfo> (0x0000000088cff3b8) thrown at [./src/hotspot/share/classfile/systemDictionary.cpp, line 231]
Event: 377.906 Thread 0x0000022b763cf000 Exception <a 'java/lang/ClassNotFoundException'{0x0000000088b18ac0}: com/android/build/gradle/TestedExtensionBeanInfo> (0x0000000088b18ac0) thrown at [./src/hotspot/share/classfile/systemDictionary.cpp, line 231]
Event: 377.907 Thread 0x0000022b763cf000 Exception <a 'java/lang/ClassNotFoundException'{0x0000000088b31bd8}: com/android/build/gradle/BaseExtensionBeanInfo> (0x0000000088b31bd8) thrown at [./src/hotspot/share/classfile/systemDictionary.cpp, line 231]
Event: 377.909 Thread 0x0000022b763cf000 Exception <a 'java/lang/ClassNotFoundException'{0x0000000088b4ad68}: com/android/build/gradle/BaseExtensionCustomizer> (0x0000000088b4ad68) thrown at [./src/hotspot/share/classfile/systemDictionary.cpp, line 231]
Event: 377.915 Thread 0x0000022b763cf000 Exception <a 'java/lang/ClassNotFoundException'{0x0000000088bbd498}: com/android/build/gradle/TestedExtensionCustomizer> (0x0000000088bbd498) thrown at [./src/hotspot/share/classfile/systemDictionary.cpp, line 231]
Event: 377.917 Thread 0x0000022b763cf000 Exception <a 'java/lang/ClassNotFoundException'{0x0000000088bf1d90}: com/android/build/gradle/AbstractAppExtensionCustomizer> (0x0000000088bf1d90) thrown at [./src/hotspot/share/classfile/systemDictionary.cpp, line 231]
Event: 377.919 Thread 0x0000022b763cf000 Exception <a 'java/lang/ClassNotFoundException'{0x0000000088a21870}: com/android/build/gradle/AppExtensionCustomizer> (0x0000000088a21870) thrown at [./src/hotspot/share/classfile/systemDictionary.cpp, line 231]
Event: 377.925 Thread 0x0000022b763cf000 Exception <a 'java/lang/ClassNotFoundException'{0x0000000088a53bc0}: com/android/build/gradle/internal/dsl/BaseAppModuleExtensionCustomizer> (0x0000000088a53bc0) thrown at [./src/hotspot/share/classfile/systemDictionary.cpp, line 231]
Event: 377.945 Thread 0x0000022b763cf000 Exception <a 'java/lang/ClassNotFoundException'{0x0000000088940a08}: com/android/build/gradle/internal/dsl/BaseAppModuleExtension_DecoratedCustomizer> (0x0000000088940a08) thrown at [./src/hotspot/share/classfile/systemDictionary.cpp, line 231]

Events (20 events):
Event: 377.917 loading class com/android/build/gradle/AbstractAppExtensionCustomizer done
Event: 377.918 loading class com/android/build/gradle/AppExtensionCustomizer
Event: 377.918 loading class com/android/build/gradle/AppExtensionCustomizer done
Event: 377.919 loading class com/android/build/gradle/AppExtensionCustomizer
Event: 377.919 loading class com/android/build/gradle/AppExtensionCustomizer done
Event: 377.924 loading class com/android/build/gradle/internal/dsl/BaseAppModuleExtensionCustomizer
Event: 377.924 loading class com/android/build/gradle/internal/dsl/BaseAppModuleExtensionCustomizer done
Event: 377.925 loading class com/android/build/gradle/internal/dsl/BaseAppModuleExtensionCustomizer
Event: 377.925 loading class com/android/build/gradle/internal/dsl/BaseAppModuleExtensionCustomizer done
Event: 377.944 loading class com/android/build/gradle/internal/dsl/BaseAppModuleExtension_DecoratedCustomizer
Event: 377.944 loading class com/android/build/gradle/internal/dsl/BaseAppModuleExtension_DecoratedCustomizer done
Event: 377.945 loading class com/android/build/gradle/internal/dsl/BaseAppModuleExtension_DecoratedCustomizer
Event: 377.945 loading class com/android/build/gradle/internal/dsl/BaseAppModuleExtension_DecoratedCustomizer done
Event: 377.977 loading class groovy/runtime/metaclass/build_2arrfdmz5s6bh0snk81j9daii$_run_closure1$_closure3MetaClass
Event: 377.977 loading class groovy/runtime/metaclass/build_2arrfdmz5s6bh0snk81j9daii$_run_closure1$_closure3MetaClass done
Event: 377.978 loading class org/gradle/util/internal/ConfigureUtil
Event: 377.978 loading class org/gradle/util/internal/ConfigureUtil done
Event: 377.978 loading class groovy/runtime/metaclass/com/android/build/gradle/internal/dsl/DefaultConfig$AgpDecorated_DecoratedMetaClass
Event: 377.978 loading class groovy/runtime/metaclass/com/android/build/gradle/internal/dsl/DefaultConfig$AgpDecorated_DecoratedMetaClass done
Event: 378.060 Executing VM operation: G1CollectForAllocation


Dynamic libraries:
0x00007ff70f140000 - 0x00007ff70f14a000 	C:\Program Files\Android\Android Studio\jre\bin\java.exe
0x00007ffccc250000 - 0x00007ffccc448000 	C:\Windows\SYSTEM32\ntdll.dll
0x00007ffccb580000 - 0x00007ffccb63d000 	C:\Windows\System32\KERNEL32.DLL
0x00007ffcc9ab0000 - 0x00007ffcc9d7e000 	C:\Windows\System32\KERNELBASE.dll
0x00007ffcc9f10000 - 0x00007ffcca010000 	C:\Windows\System32\ucrtbase.dll
0x00007ffcbbb80000 - 0x00007ffcbbb99000 	C:\Program Files\Android\Android Studio\jre\bin\jli.dll
0x00007ffcc34c0000 - 0x00007ffcc34d7000 	C:\Program Files\Android\Android Studio\jre\bin\VCRUNTIME140.dll
0x00007ffcca2b0000 - 0x00007ffcca450000 	C:\Windows\System32\USER32.dll
0x00007ffcc9a80000 - 0x00007ffcc9aa2000 	C:\Windows\System32\win32u.dll
0x00007ffcbdfe0000 - 0x00007ffcbe27a000 	C:\Windows\WinSxS\amd64_microsoft.windows.common-controls_6595b64144ccf1df_6.0.19041.1110_none_60b5254171f9507e\COMCTL32.dll
0x00007ffccb640000 - 0x00007ffccb66a000 	C:\Windows\System32\GDI32.dll
0x00007ffccba10000 - 0x00007ffccbaae000 	C:\Windows\System32\msvcrt.dll
0x00007ffcc9970000 - 0x00007ffcc9a7b000 	C:\Windows\System32\gdi32full.dll
0x00007ffcca010000 - 0x00007ffcca0ad000 	C:\Windows\System32\msvcp_win.dll
0x00007ffccacf0000 - 0x00007ffccad20000 	C:\Windows\System32\IMM32.DLL
0x00007ffc92320000 - 0x00007ffc923bd000 	C:\Program Files\Android\Android Studio\jre\bin\msvcp140.dll
0x00007ffca3d10000 - 0x00007ffca47f5000 	C:\Program Files\Android\Android Studio\jre\bin\server\jvm.dll
0x00007ffccbfb0000 - 0x00007ffccc05e000 	C:\Windows\System32\ADVAPI32.dll
0x00007ffccac50000 - 0x00007ffccacec000 	C:\Windows\System32\sechost.dll
0x00007ffccb800000 - 0x00007ffccb925000 	C:\Windows\System32\RPCRT4.dll
0x00007ffccb7f0000 - 0x00007ffccb7f8000 	C:\Windows\System32\PSAPI.DLL
0x00007ffcbe280000 - 0x00007ffcbe2a7000 	C:\Windows\SYSTEM32\WINMM.dll
0x00007ffcb5830000 - 0x00007ffcb5839000 	C:\Windows\SYSTEM32\WSOCK32.dll
0x00007ffccab00000 - 0x00007ffccab6b000 	C:\Windows\System32\WS2_32.dll
0x00007ffcc12a0000 - 0x00007ffcc12aa000 	C:\Windows\SYSTEM32\VERSION.dll
0x00007ffcc8200000 - 0x00007ffcc8212000 	C:\Windows\SYSTEM32\kernel.appcore.dll
0x00007ffca4d00000 - 0x00007ffca4d11000 	C:\Program Files\Android\Android Studio\jre\bin\verify.dll
0x00007ffcba1c0000 - 0x00007ffcba3a4000 	C:\Windows\SYSTEM32\DBGHELP.DLL
0x00007ffcba190000 - 0x00007ffcba1bc000 	C:\Windows\SYSTEM32\dbgcore.DLL
0x00007ffcca220000 - 0x00007ffcca2a2000 	C:\Windows\System32\bcryptPrimitives.dll
0x00007ffca4cd0000 - 0x00007ffca4cf9000 	C:\Program Files\Android\Android Studio\jre\bin\java.dll
0x00007ffcb5260000 - 0x00007ffcb526b000 	C:\Program Files\Android\Android Studio\jre\bin\jimage.dll
0x00007ffca4c80000 - 0x00007ffca4c98000 	C:\Program Files\Android\Android Studio\jre\bin\zip.dll
0x00007ffccae30000 - 0x00007ffccb574000 	C:\Windows\System32\SHELL32.dll
0x00007ffcc7a50000 - 0x00007ffcc81e4000 	C:\Windows\SYSTEM32\windows.storage.dll
0x00007ffccbc50000 - 0x00007ffccbfa4000 	C:\Windows\System32\combase.dll
0x00007ffcc93d0000 - 0x00007ffcc9400000 	C:\Windows\SYSTEM32\Wldp.dll
0x00007ffcca450000 - 0x00007ffcca4fd000 	C:\Windows\System32\SHCORE.dll
0x00007ffccbbf0000 - 0x00007ffccbc45000 	C:\Windows\System32\shlwapi.dll
0x00007ffcc98b0000 - 0x00007ffcc98cf000 	C:\Windows\SYSTEM32\profapi.dll
0x00007ffca4a60000 - 0x00007ffca4a7a000 	C:\Program Files\Android\Android Studio\jre\bin\net.dll
0x00007ffcbecd0000 - 0x00007ffcbedda000 	C:\Windows\SYSTEM32\WINHTTP.dll
0x00007ffcc9130000 - 0x00007ffcc919a000 	C:\Windows\system32\mswsock.dll
0x00007ffca4990000 - 0x00007ffca49a4000 	C:\Program Files\Android\Android Studio\jre\bin\nio.dll
0x00007ffcc5240000 - 0x00007ffcc5267000 	C:\Users\USER\.gradle\native\e1d6ef7f7dcc3fd88c89a11ec53ec762bb8ba0a96d01ffa2cd45eb1d1d8dd5c5\windows-amd64\native-platform.dll
0x00007ffc8e8a0000 - 0x00007ffc8e9e4000 	C:\Users\USER\.gradle\native\5664cfc778a61ccfe75a443a1ab52a65af34e5dc3c78e0209fed803814484fcb\windows-amd64\native-platform-file-events.dll
0x00007ffcb4530000 - 0x00007ffcb453a000 	C:\Program Files\Android\Android Studio\jre\bin\management.dll
0x00007ffcb3b00000 - 0x00007ffcb3b0d000 	C:\Program Files\Android\Android Studio\jre\bin\management_ext.dll
0x00007ffcc9320000 - 0x00007ffcc9338000 	C:\Windows\SYSTEM32\CRYPTSP.dll
0x00007ffcc8a40000 - 0x00007ffcc8a74000 	C:\Windows\system32\rsaenh.dll
0x00007ffcc9d80000 - 0x00007ffcc9da7000 	C:\Windows\System32\bcrypt.dll
0x00007ffcc9830000 - 0x00007ffcc985e000 	C:\Windows\SYSTEM32\USERENV.dll
0x00007ffcc9340000 - 0x00007ffcc934c000 	C:\Windows\SYSTEM32\CRYPTBASE.dll
0x00007ffcc8dd0000 - 0x00007ffcc8e0b000 	C:\Windows\SYSTEM32\IPHLPAPI.DLL
0x00007ffccbab0000 - 0x00007ffccbab8000 	C:\Windows\System32\NSI.dll
0x00007ffcbf760000 - 0x00007ffcbf777000 	C:\Windows\SYSTEM32\dhcpcsvc6.DLL
0x00007ffcbf740000 - 0x00007ffcbf75d000 	C:\Windows\SYSTEM32\dhcpcsvc.DLL
0x00007ffcc8e20000 - 0x00007ffcc8eeb000 	C:\Windows\SYSTEM32\DNSAPI.dll

dbghelp: loaded successfully - version: 4.0.5 - missing functions: none
symbol engine: initialized successfully - sym options: 0x614 - pdb path: .;C:\Program Files\Android\Android Studio\jre\bin;C:\Windows\SYSTEM32;C:\Windows\WinSxS\amd64_microsoft.windows.common-controls_6595b64144ccf1df_6.0.19041.1110_none_60b5254171f9507e;C:\Program Files\Android\Android Studio\jre\bin\server;C:\Users\USER\.gradle\native\e1d6ef7f7dcc3fd88c89a11ec53ec762bb8ba0a96d01ffa2cd45eb1d1d8dd5c5\windows-amd64;C:\Users\USER\.gradle\native\5664cfc778a61ccfe75a443a1ab52a65af34e5dc3c78e0209fed803814484fcb\windows-amd64

VM Arguments:
jvm_args: --add-opens=java.base/java.util=ALL-UNNAMED --add-opens=java.base/java.lang=ALL-UNNAMED --add-opens=java.base/java.lang.invoke=ALL-UNNAMED --add-opens=java.base/java.util=ALL-UNNAMED --add-opens=java.prefs/java.util.prefs=ALL-UNNAMED --add-opens=java.prefs/java.util.prefs=ALL-UNNAMED --add-opens=java.base/java.nio.charset=ALL-UNNAMED --add-opens=java.base/java.net=ALL-UNNAMED --add-opens=java.base/java.util.concurrent.atomic=ALL-UNNAMED -Xmx2048m -Dfile.encoding=UTF-8 -Duser.country=US -Duser.language=en -Duser.variant 
java_command: org.gradle.launcher.daemon.bootstrap.GradleDaemon 7.3.3
java_class_path (initial): C:\Users\USER\.gradle\wrapper\dists\gradle-7.3.3-bin\6a41zxkdtcxs8rphpq6y0069z\gradle-7.3.3\lib\gradle-launcher-7.3.3.jar
Launcher Type: SUN_STANDARD

[Global flags]
     intx CICompilerCount                          = 2                                         {product} {ergonomic}
     uint ConcGCThreads                            = 1                                         {product} {ergonomic}
     uint G1ConcRefinementThreads                  = 2                                         {product} {ergonomic}
   size_t G1HeapRegionSize                         = 1048576                                   {product} {ergonomic}
    uintx GCDrainStackTargetSize                   = 64                                        {product} {ergonomic}
   size_t InitialHeapSize                          = 67108864                                  {product} {ergonomic}
   size_t MarkStackSize                            = 4194304                                   {product} {ergonomic}
   size_t MaxHeapSize                              = 2147483648                                {product} {command line}
   size_t MaxNewSize                               = 1287651328                                {product} {ergonomic}
   size_t MinHeapDeltaBytes                        = 1048576                                   {product} {ergonomic}
    uintx NonNMethodCodeHeapSize                   = 5825164                                {pd product} {ergonomic}
    uintx NonProfiledCodeHeapSize                  = 122916538                              {pd product} {ergonomic}
    uintx ProfiledCodeHeapSize                     = 122916538                              {pd product} {ergonomic}
    uintx ReservedCodeCacheSize                    = 251658240                              {pd product} {ergonomic}
     bool SegmentedCodeCache                       = true                                      {product} {ergonomic}
     bool UseCompressedClassPointers               = true                                 {lp64_product} {ergonomic}
     bool UseCompressedOops                        = true                                 {lp64_product} {ergonomic}
     bool UseG1GC                                  = true                                      {product} {ergonomic}
     bool UseLargePagesIndividualAllocation        = false                                  {pd product} {ergonomic}

Logging:
Log output configuration:
 #0: stdout all=warning uptime,level,tags
 #1: stderr all=off uptime,level,tags

Environment Variables:
JAVA_HOME=C:\Program Files\Java\jdk-17.0.2
PATH=C:\Program Files\Common Files\Oracle\Java\javapath;C:\Windows\system32;C:\Windows;C:\Windows\System32\Wbem;C:\Windows\System32\WindowsPowerShell\v1.0\;C:\Windows\System32\OpenSSH\;C:\Program Files\Git\cmd;C:\Program Files\nodejs\;C:\Users\USER\AppData\Local\Microsoft\WindowsApps;C:\Users\USER\Downloads\flutter_windows_2.10.0-stable\flutter\bin;C:\Users\USER\AppData\Roaming\npm;C:\Users\USER\AppData\Local\Programs\Microsoft VS Code\bin;C:\Program Files\nodejs;C:\Users\USER\AppData\Local\Programs\Python\Python310\Scripts;C:\Users\USER\Desktop\chromedriver.exe;
USERNAME=KSayyadah
OS=Windows_NT
PROCESSOR_IDENTIFIER=Intel64 Family 6 Model 23 Stepping 10, GenuineIntel



---------------  S Y S T E M  ---------------

OS: Windows 10 , 64 bit Build 19041 (10.0.19041.1806)
OS uptime: 0 days 7:11 hours

CPU:total 2 (initial active 2) (2 cores per cpu, 1 threads per core) family 6 model 23 stepping 10 microcode 0xa0c, cmov, cx8, fxsr, mmx, sse, sse2, sse3, ssse3, sse4.1, tsc

Memory: 4k page, system-wide physical 4083M (478M free)
TotalPageFile size 9739M (AvailPageFile size 1936M)
current process WorkingSet (physical memory assigned to process): 364M, peak: 364M
current process commit charge ("private bytes"): 418M, peak: 420M

vm_info: OpenJDK 64-Bit Server VM (11.0.12+7-b1504.28-7817840) for windows-amd64 JRE (11.0.12+7-b1504.28-7817840), built on Oct 13 2021 22:12:33 by "builder" with MS VC++ 14.0 (VS2015)

END.
